{"contracts\\Bazaar.sol":{"l":{"16":20,"17":20,"24":0,"25":0,"32":24,"33":22,"41":15,"42":12,"50":3,"51":2,"60":2,"61":1,"69":23,"70":21,"90":10,"91":10,"92":10,"94":10,"95":10,"96":10,"97":10,"99":10,"107":3,"115":4,"130":1,"131":1,"132":0,"135":1,"136":0,"139":1,"140":1,"141":1,"142":1,"153":1},"path":"E:/Repos/GrandBazaar/src/Ethereum/contracts/Bazaar.sol","s":{"1":20,"2":20,"3":0,"4":24,"5":15,"6":3,"7":2,"8":23,"9":10,"10":10,"11":10,"12":10,"13":3,"14":4,"15":1,"16":1,"17":0,"18":1,"19":0,"20":1,"21":1,"22":1},"b":{"1":[0,0],"2":[22,2],"3":[12,3],"4":[2,1],"5":[1,1],"6":[21,2],"7":[0,1],"8":[0,1]},"f":{"1":20,"2":0,"3":24,"4":15,"5":3,"6":2,"7":23,"8":10,"9":3,"10":4,"11":1,"12":1},"fnMap":{"1":{"name":null,"line":15,"loc":{"start":{"line":15,"column":4},"end":{"line":15,"column":39}}},"2":{"name":"onlyOwner","line":23,"loc":{"start":{"line":23,"column":4},"end":{"line":23,"column":22}}},"3":{"name":"ownerNotAllowed","line":31,"loc":{"start":{"line":31,"column":4},"end":{"line":31,"column":28}}},"4":{"name":"isNew","line":40,"loc":{"start":{"line":40,"column":4},"end":{"line":40,"column":33}}},"5":{"name":"available","line":49,"loc":{"start":{"line":49,"column":4},"end":{"line":49,"column":37}}},"6":{"name":"inStock","line":59,"loc":{"start":{"line":59,"column":4},"end":{"line":59,"column":50}}},"7":{"name":"positive","line":68,"loc":{"start":{"line":68,"column":4},"end":{"line":68,"column":35}}},"8":{"name":"addItem","line":79,"loc":{"start":{"line":79,"column":4},"end":{"line":89,"column":5}}},"9":{"name":"getAllItems","line":105,"loc":{"start":{"line":105,"column":4},"end":{"line":106,"column":5}}},"10":{"name":"getItems","line":113,"loc":{"start":{"line":113,"column":4},"end":{"line":114,"column":5}}},"11":{"name":"purchase","line":123,"loc":{"start":{"line":123,"column":4},"end":{"line":129,"column":5}}},"12":{"name":"calculateTransferAmount","line":145,"loc":{"start":{"line":145,"column":4},"end":{"line":152,"column":5}}}},"statementMap":{"1":{"start":{"line":16,"column":8},"end":{"line":16,"column":25}},"2":{"start":{"line":17,"column":8},"end":{"line":17,"column":31}},"3":{"start":{"line":24,"column":8},"end":{"line":24,"column":35}},"4":{"start":{"line":32,"column":8},"end":{"line":32,"column":82}},"5":{"start":{"line":41,"column":8},"end":{"line":41,"column":74}},"6":{"start":{"line":50,"column":8},"end":{"line":50,"column":63}},"7":{"start":{"line":60,"column":8},"end":{"line":60,"column":68}},"8":{"start":{"line":69,"column":8},"end":{"line":69,"column":59}},"9":{"start":{"line":91,"column":8},"end":{"line":91,"column":26}},"10":{"start":{"line":92,"column":8},"end":{"line":92,"column":31}},"11":{"start":{"line":95,"column":8},"end":{"line":95,"column":32}},"12":{"start":{"line":97,"column":8},"end":{"line":97,"column":40}},"13":{"start":{"line":107,"column":8},"end":{"line":107,"column":20}},"14":{"start":{"line":115,"column":8},"end":{"line":115,"column":34}},"15":{"start":{"line":130,"column":8},"end":{"line":130,"column":55}},"16":{"start":{"line":131,"column":8},"end":{"line":131,"column":3598}},"17":{"start":{"line":132,"column":12},"end":{"line":132,"column":73}},"18":{"start":{"line":135,"column":8},"end":{"line":135,"column":3730}},"19":{"start":{"line":136,"column":12},"end":{"line":136,"column":67}},"20":{"start":{"line":139,"column":8},"end":{"line":139,"column":41}},"21":{"start":{"line":140,"column":8},"end":{"line":140,"column":78}},"22":{"start":{"line":153,"column":8},"end":{"line":153,"column":58}}},"branchMap":{"1":{"line":24,"type":"if","locations":[{"start":{"line":24,"column":8},"end":{"line":24,"column":8}},{"start":{"line":24,"column":8},"end":{"line":24,"column":8}}]},"2":{"line":32,"type":"if","locations":[{"start":{"line":32,"column":8},"end":{"line":32,"column":8}},{"start":{"line":32,"column":8},"end":{"line":32,"column":8}}]},"3":{"line":41,"type":"if","locations":[{"start":{"line":41,"column":8},"end":{"line":41,"column":8}},{"start":{"line":41,"column":8},"end":{"line":41,"column":8}}]},"4":{"line":50,"type":"if","locations":[{"start":{"line":50,"column":8},"end":{"line":50,"column":8}},{"start":{"line":50,"column":8},"end":{"line":50,"column":8}}]},"5":{"line":60,"type":"if","locations":[{"start":{"line":60,"column":8},"end":{"line":60,"column":8}},{"start":{"line":60,"column":8},"end":{"line":60,"column":8}}]},"6":{"line":69,"type":"if","locations":[{"start":{"line":69,"column":8},"end":{"line":69,"column":8}},{"start":{"line":69,"column":8},"end":{"line":69,"column":8}}]},"7":{"line":131,"type":"if","locations":[{"start":{"line":131,"column":8},"end":{"line":131,"column":8}},{"start":{"line":131,"column":8},"end":{"line":131,"column":8}}]},"8":{"line":135,"type":"if","locations":[{"start":{"line":135,"column":8},"end":{"line":135,"column":8}},{"start":{"line":135,"column":8},"end":{"line":135,"column":8}}]}}},"contracts\\BazaarLib.sol":{"l":{"32":10,"44":1},"path":"E:/Repos/GrandBazaar/src/Ethereum/contracts/BazaarLib.sol","s":{"1":10,"2":1},"b":{},"f":{"1":10,"2":1},"fnMap":{"1":{"name":"emitNewItem","line":25,"loc":{"start":{"line":25,"column":4},"end":{"line":31,"column":5}}},"2":{"name":"emitPurchase","line":35,"loc":{"start":{"line":35,"column":4},"end":{"line":43,"column":5}}}},"statementMap":{"1":{"start":{"line":32,"column":8},"end":{"line":32,"column":57}},"2":{"start":{"line":44,"column":8},"end":{"line":44,"column":77}}},"branchMap":{}}}